Determining if files unistd.h exist failed with the following output:
Change Dir: C:/Lib/freeglut-3.0.0/Build/CMakeFiles/CMakeTmp

Run Build Command:"C:/Program Files (x86)/MSBuild/14.0/bin/MSBuild.exe" "cmTryCompileExec118922505.vcxproj" "/p:Configuration=Debug" "/p:VisualStudioVersion=14.0"
Microsoft (R) Build Engine version 14.0.25420.1
Copyright (C) Microsoft Corporation. All rights reserved.

Build started 28-Sep-17 4:06:29 PM.
Project "C:\Lib\freeglut-3.0.0\Build\CMakeFiles\CMakeTmp\cmTryCompileExec118922505.vcxproj" on node 1 (default targets).
PrepareForBuild:
  Creating directory "cmTryCompileExec118922505.dir\Debug\".
  Creating directory "C:\Lib\freeglut-3.0.0\Build\CMakeFiles\CMakeTmp\Debug\".
  Creating directory "cmTryCompileExec118922505.dir\Debug\cmTryCom.6E5362A9.tlog\".
InitializeBuildStatus:
  Creating "cmTryCompileExec118922505.dir\Debug\cmTryCom.6E5362A9.tlog\unsuccessfulbuild" because "AlwaysCreate" was specified.
ClCompile:
  C:\Program Files (x86)\Microsoft Visual Studio 14.0\VC\bin\CL.exe /c /Zi /W3 /WX- /Od /Ob0 /Oy- /D WIN32 /D _WINDOWS /D _DEBUG /D "CMAKE_INTDIR=\"Debug\"" /D _MBCS /Gm- /RTC1 /MDd /GS /fp:precise /Zc:wchar_t /Zc:forScope /Zc:inline /Fo"cmTryCompileExec118922505.dir\Debug\\" /Fd"cmTryCompileExec118922505.dir\Debug\vc140.pdb" /Gd /TC /analyze- /errorReport:queue "C:\Lib\freeglut-3.0.0\Build\CMakeFiles\CMakeTmp\CheckIncludeFiles.c"
  Microsoft (R) C/C++ Optimizing Compiler Version 19.00.24215.1 for x86
  Copyright (C) Microsoft Corporation.  All rights reserved.
  
  cl /c /Zi /W3 /WX- /Od /Ob0 /Oy- /D WIN32 /D _WINDOWS /D _DEBUG /D "CMAKE_INTDIR=\"Debug\"" /D _MBCS /Gm- /RTC1 /MDd /GS /fp:precise /Zc:wchar_t /Zc:forScope /Zc:inline /Fo"cmTryCompileExec118922505.dir\Debug\\" /Fd"cmTryCompileExec118922505.dir\Debug\vc140.pdb" /Gd /TC /analyze- /errorReport:queue "C:\Lib\freeglut-3.0.0\Build\CMakeFiles\CMakeTmp\CheckIncludeFiles.c"
  
  CheckIncludeFiles.c
C:\Lib\freeglut-3.0.0\Build\CMakeFiles\CMakeTmp\CheckIncludeFiles.c(2): fatal error C1083: Cannot open include file: 'unistd.h': No such file or directory [C:\Lib\freeglut-3.0.0\Build\CMakeFiles\CMakeTmp\cmTryCompileExec118922505.vcxproj]
Done Building Project "C:\Lib\freeglut-3.0.0\Build\CMakeFiles\CMakeTmp\cmTryCompileExec118922505.vcxproj" (default targets) -- FAILED.

Build FAILED.

"C:\Lib\freeglut-3.0.0\Build\CMakeFiles\CMakeTmp\cmTryCompileExec118922505.vcxproj" (default target) (1) ->
(ClCompile target) -> 
  C:\Lib\freeglut-3.0.0\Build\CMakeFiles\CMakeTmp\CheckIncludeFiles.c(2): fatal error C1083: Cannot open include file: 'unistd.h': No such file or directory [C:\Lib\freeglut-3.0.0\Build\CMakeFiles\CMakeTmp\cmTryCompileExec118922505.vcxproj]

    0 Warning(s)
    1 Error(s)

Time Elapsed 00:00:00.32

Source:
/* */
#include <unistd.h>


int main(void){return 0;}

Determining if files sys/time.h exist failed with the following output:
Change Dir: C:/Lib/freeglut-3.0.0/Build/CMakeFiles/CMakeTmp

Run Build Command:"C:/Program Files (x86)/MSBuild/14.0/bin/MSBuild.exe" "cmTryCompileExec305451353.vcxproj" "/p:Configuration=Debug" "/p:VisualStudioVersion=14.0"
Microsoft (R) Build Engine version 14.0.25420.1
Copyright (C) Microsoft Corporation. All rights reserved.

Build started 28-Sep-17 4:06:30 PM.
Project "C:\Lib\freeglut-3.0.0\Build\CMakeFiles\CMakeTmp\cmTryCompileExec305451353.vcxproj" on node 1 (default targets).
PrepareForBuild:
  Creating directory "cmTryCompileExec305451353.dir\Debug\".
  Creating directory "C:\Lib\freeglut-3.0.0\Build\CMakeFiles\CMakeTmp\Debug\".
  Creating directory "cmTryCompileExec305451353.dir\Debug\cmTryCom.CA3EC168.tlog\".
InitializeBuildStatus:
  Creating "cmTryCompileExec305451353.dir\Debug\cmTryCom.CA3EC168.tlog\unsuccessfulbuild" because "AlwaysCreate" was specified.
ClCompile:
  C:\Program Files (x86)\Microsoft Visual Studio 14.0\VC\bin\CL.exe /c /Zi /W3 /WX- /Od /Ob0 /Oy- /D WIN32 /D _WINDOWS /D _DEBUG /D "CMAKE_INTDIR=\"Debug\"" /D _MBCS /Gm- /RTC1 /MDd /GS /fp:precise /Zc:wchar_t /Zc:forScope /Zc:inline /Fo"cmTryCompileExec305451353.dir\Debug\\" /Fd"cmTryCompileExec305451353.dir\Debug\vc140.pdb" /Gd /TC /analyze- /errorReport:queue "C:\Lib\freeglut-3.0.0\Build\CMakeFiles\CMakeTmp\CheckIncludeFiles.c"
  Microsoft (R) C/C++ Optimizing Compiler Version 19.00.24215.1 for x86
  Copyright (C) Microsoft Corporation.  All rights reserved.
  
  cl /c /Zi /W3 /WX- /Od /Ob0 /Oy- /D WIN32 /D _WINDOWS /D _DEBUG /D "CMAKE_INTDIR=\"Debug\"" /D _MBCS /Gm- /RTC1 /MDd /GS /fp:precise /Zc:wchar_t /Zc:forScope /Zc:inline /Fo"cmTryCompileExec305451353.dir\Debug\\" /Fd"cmTryCompileExec305451353.dir\Debug\vc140.pdb" /Gd /TC /analyze- /errorReport:queue "C:\Lib\freeglut-3.0.0\Build\CMakeFiles\CMakeTmp\CheckIncludeFiles.c"
  
  CheckIncludeFiles.c
C:\Lib\freeglut-3.0.0\Build\CMakeFiles\CMakeTmp\CheckIncludeFiles.c(2): fatal error C1083: Cannot open include file: 'sys/time.h': No such file or directory [C:\Lib\freeglut-3.0.0\Build\CMakeFiles\CMakeTmp\cmTryCompileExec305451353.vcxproj]
Done Building Project "C:\Lib\freeglut-3.0.0\Build\CMakeFiles\CMakeTmp\cmTryCompileExec305451353.vcxproj" (default targets) -- FAILED.

Build FAILED.

"C:\Lib\freeglut-3.0.0\Build\CMakeFiles\CMakeTmp\cmTryCompileExec305451353.vcxproj" (default target) (1) ->
(ClCompile target) -> 
  C:\Lib\freeglut-3.0.0\Build\CMakeFiles\CMakeTmp\CheckIncludeFiles.c(2): fatal error C1083: Cannot open include file: 'sys/time.h': No such file or directory [C:\Lib\freeglut-3.0.0\Build\CMakeFiles\CMakeTmp\cmTryCompileExec305451353.vcxproj]

    0 Warning(s)
    1 Error(s)

Time Elapsed 00:00:00.32

Source:
/* */
#include <sys/time.h>


int main(void){return 0;}

Determining if files sys/param.h exist failed with the following output:
Change Dir: C:/Lib/freeglut-3.0.0/Build/CMakeFiles/CMakeTmp

Run Build Command:"C:/Program Files (x86)/MSBuild/14.0/bin/MSBuild.exe" "cmTryCompileExec1501893671.vcxproj" "/p:Configuration=Debug" "/p:VisualStudioVersion=14.0"
Microsoft (R) Build Engine version 14.0.25420.1
Copyright (C) Microsoft Corporation. All rights reserved.

Build started 28-Sep-17 4:06:31 PM.
Project "C:\Lib\freeglut-3.0.0\Build\CMakeFiles\CMakeTmp\cmTryCompileExec1501893671.vcxproj" on node 1 (default targets).
PrepareForBuild:
  Creating directory "cmTryCompileExec1501893671.dir\Debug\".
  Creating directory "C:\Lib\freeglut-3.0.0\Build\CMakeFiles\CMakeTmp\Debug\".
  Creating directory "cmTryCompileExec1501893671.dir\Debug\cmTryCom.E934CAEB.tlog\".
InitializeBuildStatus:
  Creating "cmTryCompileExec1501893671.dir\Debug\cmTryCom.E934CAEB.tlog\unsuccessfulbuild" because "AlwaysCreate" was specified.
ClCompile:
  C:\Program Files (x86)\Microsoft Visual Studio 14.0\VC\bin\CL.exe /c /Zi /W3 /WX- /Od /Ob0 /Oy- /D WIN32 /D _WINDOWS /D _DEBUG /D "CMAKE_INTDIR=\"Debug\"" /D _MBCS /Gm- /RTC1 /MDd /GS /fp:precise /Zc:wchar_t /Zc:forScope /Zc:inline /Fo"cmTryCompileExec1501893671.dir\Debug\\" /Fd"cmTryCompileExec1501893671.dir\Debug\vc140.pdb" /Gd /TC /analyze- /errorReport:queue "C:\Lib\freeglut-3.0.0\Build\CMakeFiles\CMakeTmp\CheckIncludeFiles.c"
  Microsoft (R) C/C++ Optimizing Compiler Version 19.00.24215.1 for x86
  Copyright (C) Microsoft Corporation.  All rights reserved.
  
  cl /c /Zi /W3 /WX- /Od /Ob0 /Oy- /D WIN32 /D _WINDOWS /D _DEBUG /D "CMAKE_INTDIR=\"Debug\"" /D _MBCS /Gm- /RTC1 /MDd /GS /fp:precise /Zc:wchar_t /Zc:forScope /Zc:inline /Fo"cmTryCompileExec1501893671.dir\Debug\\" /Fd"cmTryCompileExec1501893671.dir\Debug\vc140.pdb" /Gd /TC /analyze- /errorReport:queue "C:\Lib\freeglut-3.0.0\Build\CMakeFiles\CMakeTmp\CheckIncludeFiles.c"
  
  CheckIncludeFiles.c
C:\Lib\freeglut-3.0.0\Build\CMakeFiles\CMakeTmp\CheckIncludeFiles.c(2): fatal error C1083: Cannot open include file: 'sys/param.h': No such file or directory [C:\Lib\freeglut-3.0.0\Build\CMakeFiles\CMakeTmp\cmTryCompileExec1501893671.vcxproj]
Done Building Project "C:\Lib\freeglut-3.0.0\Build\CMakeFiles\CMakeTmp\cmTryCompileExec1501893671.vcxproj" (default targets) -- FAILED.

Build FAILED.

"C:\Lib\freeglut-3.0.0\Build\CMakeFiles\CMakeTmp\cmTryCompileExec1501893671.vcxproj" (default target) (1) ->
(ClCompile target) -> 
  C:\Lib\freeglut-3.0.0\Build\CMakeFiles\CMakeTmp\CheckIncludeFiles.c(2): fatal error C1083: Cannot open include file: 'sys/param.h': No such file or directory [C:\Lib\freeglut-3.0.0\Build\CMakeFiles\CMakeTmp\cmTryCompileExec1501893671.vcxproj]

    0 Warning(s)
    1 Error(s)

Time Elapsed 00:00:00.32

Source:
/* */
#include <sys/param.h>


int main(void){return 0;}

Determining if files sys/ioctl.h exist failed with the following output:
Change Dir: C:/Lib/freeglut-3.0.0/Build/CMakeFiles/CMakeTmp

Run Build Command:"C:/Program Files (x86)/MSBuild/14.0/bin/MSBuild.exe" "cmTryCompileExec367955518.vcxproj" "/p:Configuration=Debug" "/p:VisualStudioVersion=14.0"
Microsoft (R) Build Engine version 14.0.25420.1
Copyright (C) Microsoft Corporation. All rights reserved.

Build started 28-Sep-17 4:06:32 PM.
Project "C:\Lib\freeglut-3.0.0\Build\CMakeFiles\CMakeTmp\cmTryCompileExec367955518.vcxproj" on node 1 (default targets).
PrepareForBuild:
  Creating directory "cmTryCompileExec367955518.dir\Debug\".
  Creating directory "C:\Lib\freeglut-3.0.0\Build\CMakeFiles\CMakeTmp\Debug\".
  Creating directory "cmTryCompileExec367955518.dir\Debug\cmTryCom.1D8AE99A.tlog\".
InitializeBuildStatus:
  Creating "cmTryCompileExec367955518.dir\Debug\cmTryCom.1D8AE99A.tlog\unsuccessfulbuild" because "AlwaysCreate" was specified.
ClCompile:
  C:\Program Files (x86)\Microsoft Visual Studio 14.0\VC\bin\CL.exe /c /Zi /W3 /WX- /Od /Ob0 /Oy- /D WIN32 /D _WINDOWS /D _DEBUG /D "CMAKE_INTDIR=\"Debug\"" /D _MBCS /Gm- /RTC1 /MDd /GS /fp:precise /Zc:wchar_t /Zc:forScope /Zc:inline /Fo"cmTryCompileExec367955518.dir\Debug\\" /Fd"cmTryCompileExec367955518.dir\Debug\vc140.pdb" /Gd /TC /analyze- /errorReport:queue "C:\Lib\freeglut-3.0.0\Build\CMakeFiles\CMakeTmp\CheckIncludeFiles.c"
  Microsoft (R) C/C++ Optimizing Compiler Version 19.00.24215.1 for x86
  Copyright (C) Microsoft Corporation.  All rights reserved.
  
  cl /c /Zi /W3 /WX- /Od /Ob0 /Oy- /D WIN32 /D _WINDOWS /D _DEBUG /D "CMAKE_INTDIR=\"Debug\"" /D _MBCS /Gm- /RTC1 /MDd /GS /fp:precise /Zc:wchar_t /Zc:forScope /Zc:inline /Fo"cmTryCompileExec367955518.dir\Debug\\" /Fd"cmTryCompileExec367955518.dir\Debug\vc140.pdb" /Gd /TC /analyze- /errorReport:queue "C:\Lib\freeglut-3.0.0\Build\CMakeFiles\CMakeTmp\CheckIncludeFiles.c"
  
  CheckIncludeFiles.c
C:\Lib\freeglut-3.0.0\Build\CMakeFiles\CMakeTmp\CheckIncludeFiles.c(2): fatal error C1083: Cannot open include file: 'sys/ioctl.h': No such file or directory [C:\Lib\freeglut-3.0.0\Build\CMakeFiles\CMakeTmp\cmTryCompileExec367955518.vcxproj]
Done Building Project "C:\Lib\freeglut-3.0.0\Build\CMakeFiles\CMakeTmp\cmTryCompileExec367955518.vcxproj" (default targets) -- FAILED.

Build FAILED.

"C:\Lib\freeglut-3.0.0\Build\CMakeFiles\CMakeTmp\cmTryCompileExec367955518.vcxproj" (default target) (1) ->
(ClCompile target) -> 
  C:\Lib\freeglut-3.0.0\Build\CMakeFiles\CMakeTmp\CheckIncludeFiles.c(2): fatal error C1083: Cannot open include file: 'sys/ioctl.h': No such file or directory [C:\Lib\freeglut-3.0.0\Build\CMakeFiles\CMakeTmp\cmTryCompileExec367955518.vcxproj]

    0 Warning(s)
    1 Error(s)

Time Elapsed 00:00:00.35

Source:
/* */
#include <sys/ioctl.h>


int main(void){return 0;}

Determining if files usbhid.h exist failed with the following output:
Change Dir: C:/Lib/freeglut-3.0.0/Build/CMakeFiles/CMakeTmp

Run Build Command:"C:/Program Files (x86)/MSBuild/14.0/bin/MSBuild.exe" "cmTryCompileExec1264926989.vcxproj" "/p:Configuration=Debug" "/p:VisualStudioVersion=14.0"
Microsoft (R) Build Engine version 14.0.25420.1
Copyright (C) Microsoft Corporation. All rights reserved.

Build started 28-Sep-17 4:06:33 PM.
Project "C:\Lib\freeglut-3.0.0\Build\CMakeFiles\CMakeTmp\cmTryCompileExec1264926989.vcxproj" on node 1 (default targets).
PrepareForBuild:
  Creating directory "cmTryCompileExec1264926989.dir\Debug\".
  Creating directory "C:\Lib\freeglut-3.0.0\Build\CMakeFiles\CMakeTmp\Debug\".
  Creating directory "cmTryCompileExec1264926989.dir\Debug\cmTryCom.9A5F80F0.tlog\".
InitializeBuildStatus:
  Creating "cmTryCompileExec1264926989.dir\Debug\cmTryCom.9A5F80F0.tlog\unsuccessfulbuild" because "AlwaysCreate" was specified.
ClCompile:
  C:\Program Files (x86)\Microsoft Visual Studio 14.0\VC\bin\CL.exe /c /Zi /W3 /WX- /Od /Ob0 /Oy- /D WIN32 /D _WINDOWS /D _DEBUG /D "CMAKE_INTDIR=\"Debug\"" /D _MBCS /Gm- /RTC1 /MDd /GS /fp:precise /Zc:wchar_t /Zc:forScope /Zc:inline /Fo"cmTryCompileExec1264926989.dir\Debug\\" /Fd"cmTryCompileExec1264926989.dir\Debug\vc140.pdb" /Gd /TC /analyze- /errorReport:queue "C:\Lib\freeglut-3.0.0\Build\CMakeFiles\CMakeTmp\CheckIncludeFiles.c"
  Microsoft (R) C/C++ Optimizing Compiler Version 19.00.24215.1 for x86
  Copyright (C) Microsoft Corporation.  All rights reserved.
  
  cl /c /Zi /W3 /WX- /Od /Ob0 /Oy- /D WIN32 /D _WINDOWS /D _DEBUG /D "CMAKE_INTDIR=\"Debug\"" /D _MBCS /Gm- /RTC1 /MDd /GS /fp:precise /Zc:wchar_t /Zc:forScope /Zc:inline /Fo"cmTryCompileExec1264926989.dir\Debug\\" /Fd"cmTryCompileExec1264926989.dir\Debug\vc140.pdb" /Gd /TC /analyze- /errorReport:queue "C:\Lib\freeglut-3.0.0\Build\CMakeFiles\CMakeTmp\CheckIncludeFiles.c"
  
  CheckIncludeFiles.c
C:\Lib\freeglut-3.0.0\Build\CMakeFiles\CMakeTmp\CheckIncludeFiles.c(2): fatal error C1083: Cannot open include file: 'usbhid.h': No such file or directory [C:\Lib\freeglut-3.0.0\Build\CMakeFiles\CMakeTmp\cmTryCompileExec1264926989.vcxproj]
Done Building Project "C:\Lib\freeglut-3.0.0\Build\CMakeFiles\CMakeTmp\cmTryCompileExec1264926989.vcxproj" (default targets) -- FAILED.

Build FAILED.

"C:\Lib\freeglut-3.0.0\Build\CMakeFiles\CMakeTmp\cmTryCompileExec1264926989.vcxproj" (default target) (1) ->
(ClCompile target) -> 
  C:\Lib\freeglut-3.0.0\Build\CMakeFiles\CMakeTmp\CheckIncludeFiles.c(2): fatal error C1083: Cannot open include file: 'usbhid.h': No such file or directory [C:\Lib\freeglut-3.0.0\Build\CMakeFiles\CMakeTmp\cmTryCompileExec1264926989.vcxproj]

    0 Warning(s)
    1 Error(s)

Time Elapsed 00:00:00.34

Source:
/* */
#include <usbhid.h>


int main(void){return 0;}

Determining if the function gettimeofday exists failed with the following output:
Change Dir: C:/Lib/freeglut-3.0.0/Build/CMakeFiles/CMakeTmp

Run Build Command:"C:/Program Files (x86)/MSBuild/14.0/bin/MSBuild.exe" "cmTryCompileExec3231435497.vcxproj" "/p:Configuration=Debug" "/p:VisualStudioVersion=14.0"
Microsoft (R) Build Engine version 14.0.25420.1
Copyright (C) Microsoft Corporation. All rights reserved.

Build started 28-Sep-17 4:06:34 PM.
Project "C:\Lib\freeglut-3.0.0\Build\CMakeFiles\CMakeTmp\cmTryCompileExec3231435497.vcxproj" on node 1 (default targets).
PrepareForBuild:
  Creating directory "cmTryCompileExec3231435497.dir\Debug\".
  Creating directory "C:\Lib\freeglut-3.0.0\Build\CMakeFiles\CMakeTmp\Debug\".
  Creating directory "cmTryCompileExec3231435497.dir\Debug\cmTryCom.95AD90E4.tlog\".
InitializeBuildStatus:
  Creating "cmTryCompileExec3231435497.dir\Debug\cmTryCom.95AD90E4.tlog\unsuccessfulbuild" because "AlwaysCreate" was specified.
ClCompile:
  C:\Program Files (x86)\Microsoft Visual Studio 14.0\VC\bin\CL.exe /c /Zi /W3 /WX- /Od /Ob0 /Oy- /D WIN32 /D _WINDOWS /D CHECK_FUNCTION_EXISTS=gettimeofday /D _DEBUG /D "CMAKE_INTDIR=\"Debug\"" /D _MBCS /Gm- /RTC1 /MDd /GS /fp:precise /Zc:wchar_t /Zc:forScope /Zc:inline /Fo"cmTryCompileExec3231435497.dir\Debug\\" /Fd"cmTryCompileExec3231435497.dir\Debug\vc140.pdb" /Gd /TC /analyze- /errorReport:queue "C:\Program Files (x86)\CMake\share\cmake-3.2\Modules\CheckFunctionExists.c"
  Microsoft (R) C/C++ Optimizing Compiler Version 19.00.24215.1 for x86
  Copyright (C) Microsoft Corporation.  All rights reserved.
  
  cl /c /Zi /W3 /WX- /Od /Ob0 /Oy- /D WIN32 /D _WINDOWS /D CHECK_FUNCTION_EXISTS=gettimeofday /D _DEBUG /D "CMAKE_INTDIR=\"Debug\"" /D _MBCS /Gm- /RTC1 /MDd /GS /fp:precise /Zc:wchar_t /Zc:forScope /Zc:inline /Fo"cmTryCompileExec3231435497.dir\Debug\\" /Fd"cmTryCompileExec3231435497.dir\Debug\vc140.pdb" /Gd /TC /analyze- /errorReport:queue "C:\Program Files (x86)\CMake\share\cmake-3.2\Modules\CheckFunctionExists.c"
  
  CheckFunctionExists.c
Link:
  C:\Program Files (x86)\Microsoft Visual Studio 14.0\VC\bin\link.exe /ERRORREPORT:QUEUE /OUT:"C:\Lib\freeglut-3.0.0\Build\CMakeFiles\CMakeTmp\Debug\cmTryCompileExec3231435497.exe" /INCREMENTAL /NOLOGO kernel32.lib user32.lib gdi32.lib winspool.lib shell32.lib ole32.lib oleaut32.lib uuid.lib comdlg32.lib advapi32.lib /MANIFEST /MANIFESTUAC:"level='asInvoker' uiAccess='false'" /manifest:embed /DEBUG /PDB:"C:/Lib/freeglut-3.0.0/Build/CMakeFiles/CMakeTmp/Debug/cmTryCompileExec3231435497.pdb" /SUBSYSTEM:CONSOLE /TLBID:1 /DYNAMICBASE /NXCOMPAT /IMPLIB:"C:/Lib/freeglut-3.0.0/Build/CMakeFiles/CMakeTmp/Debug/cmTryCompileExec3231435497.lib" /MACHINE:X86 /SAFESEH  /machine:X86 /debug cmTryCompileExec3231435497.dir\Debug\CheckFunctionExists.obj
CheckFunctionExists.obj : error LNK2019: unresolved external symbol _gettimeofday referenced in function _main [C:\Lib\freeglut-3.0.0\Build\CMakeFiles\CMakeTmp\cmTryCompileExec3231435497.vcxproj]
C:\Lib\freeglut-3.0.0\Build\CMakeFiles\CMakeTmp\Debug\cmTryCompileExec3231435497.exe : fatal error LNK1120: 1 unresolved externals [C:\Lib\freeglut-3.0.0\Build\CMakeFiles\CMakeTmp\cmTryCompileExec3231435497.vcxproj]
Done Building Project "C:\Lib\freeglut-3.0.0\Build\CMakeFiles\CMakeTmp\cmTryCompileExec3231435497.vcxproj" (default targets) -- FAILED.

Build FAILED.

"C:\Lib\freeglut-3.0.0\Build\CMakeFiles\CMakeTmp\cmTryCompileExec3231435497.vcxproj" (default target) (1) ->
(Link target) -> 
  CheckFunctionExists.obj : error LNK2019: unresolved external symbol _gettimeofday referenced in function _main [C:\Lib\freeglut-3.0.0\Build\CMakeFiles\CMakeTmp\cmTryCompileExec3231435497.vcxproj]
  C:\Lib\freeglut-3.0.0\Build\CMakeFiles\CMakeTmp\Debug\cmTryCompileExec3231435497.exe : fatal error LNK1120: 1 unresolved externals [C:\Lib\freeglut-3.0.0\Build\CMakeFiles\CMakeTmp\cmTryCompileExec3231435497.vcxproj]

    0 Warning(s)
    2 Error(s)

Time Elapsed 00:00:00.54


Determining if the function XParseGeometry exists failed with the following output:
Change Dir: C:/Lib/freeglut-3.0.0/Build/CMakeFiles/CMakeTmp

Run Build Command:"C:/Program Files (x86)/MSBuild/14.0/bin/MSBuild.exe" "cmTryCompileExec1279672844.vcxproj" "/p:Configuration=Debug" "/p:VisualStudioVersion=14.0"
Microsoft (R) Build Engine version 14.0.25420.1
Copyright (C) Microsoft Corporation. All rights reserved.

Build started 28-Sep-17 4:06:34 PM.
Project "C:\Lib\freeglut-3.0.0\Build\CMakeFiles\CMakeTmp\cmTryCompileExec1279672844.vcxproj" on node 1 (default targets).
PrepareForBuild:
  Creating directory "cmTryCompileExec1279672844.dir\Debug\".
  Creating directory "C:\Lib\freeglut-3.0.0\Build\CMakeFiles\CMakeTmp\Debug\".
  Creating directory "cmTryCompileExec1279672844.dir\Debug\cmTryCom.3621D72C.tlog\".
InitializeBuildStatus:
  Creating "cmTryCompileExec1279672844.dir\Debug\cmTryCom.3621D72C.tlog\unsuccessfulbuild" because "AlwaysCreate" was specified.
ClCompile:
  C:\Program Files (x86)\Microsoft Visual Studio 14.0\VC\bin\CL.exe /c /Zi /W3 /WX- /Od /Ob0 /Oy- /D WIN32 /D _WINDOWS /D CHECK_FUNCTION_EXISTS=XParseGeometry /D _DEBUG /D "CMAKE_INTDIR=\"Debug\"" /D _MBCS /Gm- /RTC1 /MDd /GS /fp:precise /Zc:wchar_t /Zc:forScope /Zc:inline /Fo"cmTryCompileExec1279672844.dir\Debug\\" /Fd"cmTryCompileExec1279672844.dir\Debug\vc140.pdb" /Gd /TC /analyze- /errorReport:queue "C:\Program Files (x86)\CMake\share\cmake-3.2\Modules\CheckFunctionExists.c"
  Microsoft (R) C/C++ Optimizing Compiler Version 19.00.24215.1 for x86
  Copyright (C) Microsoft Corporation.  All rights reserved.
  
  cl /c /Zi /W3 /WX- /Od /Ob0 /Oy- /D WIN32 /D _WINDOWS /D CHECK_FUNCTION_EXISTS=XParseGeometry /D _DEBUG /D "CMAKE_INTDIR=\"Debug\"" /D _MBCS /Gm- /RTC1 /MDd /GS /fp:precise /Zc:wchar_t /Zc:forScope /Zc:inline /Fo"cmTryCompileExec1279672844.dir\Debug\\" /Fd"cmTryCompileExec1279672844.dir\Debug\vc140.pdb" /Gd /TC /analyze- /errorReport:queue "C:\Program Files (x86)\CMake\share\cmake-3.2\Modules\CheckFunctionExists.c"
  
  CheckFunctionExists.c
Link:
  C:\Program Files (x86)\Microsoft Visual Studio 14.0\VC\bin\link.exe /ERRORREPORT:QUEUE /OUT:"C:\Lib\freeglut-3.0.0\Build\CMakeFiles\CMakeTmp\Debug\cmTryCompileExec1279672844.exe" /INCREMENTAL /NOLOGO kernel32.lib user32.lib gdi32.lib winspool.lib shell32.lib ole32.lib oleaut32.lib uuid.lib comdlg32.lib advapi32.lib /MANIFEST /MANIFESTUAC:"level='asInvoker' uiAccess='false'" /manifest:embed /DEBUG /PDB:"C:/Lib/freeglut-3.0.0/Build/CMakeFiles/CMakeTmp/Debug/cmTryCompileExec1279672844.pdb" /SUBSYSTEM:CONSOLE /TLBID:1 /DYNAMICBASE /NXCOMPAT /IMPLIB:"C:/Lib/freeglut-3.0.0/Build/CMakeFiles/CMakeTmp/Debug/cmTryCompileExec1279672844.lib" /MACHINE:X86 /SAFESEH  /machine:X86 /debug cmTryCompileExec1279672844.dir\Debug\CheckFunctionExists.obj
CheckFunctionExists.obj : error LNK2019: unresolved external symbol _XParseGeometry referenced in function _main [C:\Lib\freeglut-3.0.0\Build\CMakeFiles\CMakeTmp\cmTryCompileExec1279672844.vcxproj]
C:\Lib\freeglut-3.0.0\Build\CMakeFiles\CMakeTmp\Debug\cmTryCompileExec1279672844.exe : fatal error LNK1120: 1 unresolved externals [C:\Lib\freeglut-3.0.0\Build\CMakeFiles\CMakeTmp\cmTryCompileExec1279672844.vcxproj]
Done Building Project "C:\Lib\freeglut-3.0.0\Build\CMakeFiles\CMakeTmp\cmTryCompileExec1279672844.vcxproj" (default targets) -- FAILED.

Build FAILED.

"C:\Lib\freeglut-3.0.0\Build\CMakeFiles\CMakeTmp\cmTryCompileExec1279672844.vcxproj" (default target) (1) ->
(Link target) -> 
  CheckFunctionExists.obj : error LNK2019: unresolved external symbol _XParseGeometry referenced in function _main [C:\Lib\freeglut-3.0.0\Build\CMakeFiles\CMakeTmp\cmTryCompileExec1279672844.vcxproj]
  C:\Lib\freeglut-3.0.0\Build\CMakeFiles\CMakeTmp\Debug\cmTryCompileExec1279672844.exe : fatal error LNK1120: 1 unresolved externals [C:\Lib\freeglut-3.0.0\Build\CMakeFiles\CMakeTmp\cmTryCompileExec1279672844.vcxproj]

    0 Warning(s)
    2 Error(s)

Time Elapsed 00:00:00.51


